var Button = require('./Button')
//export default Button
module.exports = Button;
